npm verb cli C:\Program Files\nodejs\node.exe C:\Program Files\nodejs\node_modules\npm\bin\npm-cli.js
npm info using npm@10.5.0
npm info using node@v20.12.1
npm verb title npm install
npm verb argv "install" "--legacy-peer-deps" "--loglevel" "verbose"
npm verb logfile logs-max:10 dir:C:\Users\diogo\AppData\Local\npm-cache\_logs\2024-09-10T19_18_22_445Z-
npm verb logfile C:\Users\diogo\AppData\Local\npm-cache\_logs\2024-09-10T19_18_22_445Z-debug-0.log
npm http fetch GET 200 https://registry.npmjs.org/@faker-js%2ffaker 449ms (cache revalidated)
npm http fetch GET 200 https://registry.npmjs.org/cypress-mochawesome-reporter 642ms (cache revalidated)
npm http fetch GET 200 https://registry.npmjs.org/browserstack-cypress-cli 647ms (cache revalidated)
npm http fetch GET 200 https://registry.npmjs.org/cypress 72ms (cache revalidated)
npm http fetch GET 200 https://registry.npmjs.org/archiver 70ms (cache revalidated)
npm http fetch GET 200 https://registry.npmjs.org/async 108ms (cache revalidated)
npm http fetch GET 200 https://registry.npmjs.org/fs-extra 116ms (cache revalidated)
npm http fetch GET 200 https://registry.npmjs.org/chalk 136ms (cache revalidated)
npm http fetch GET 200 https://registry.npmjs.org/gitconfiglocal 76ms (cache revalidated)
npm http fetch GET 200 https://registry.npmjs.org/git-repo-info 99ms (cache revalidated)
npm http fetch GET 200 https://registry.npmjs.org/browserstack-local 217ms (cache revalidated)
npm http fetch GET 200 https://registry.npmjs.org/glob 78ms (cache revalidated)
npm http fetch GET 200 https://registry.npmjs.org/mkdirp 73ms (cache revalidated)
npm http fetch GET 200 https://registry.npmjs.org/request 72ms (cache revalidated)
npm http fetch GET 200 https://registry.npmjs.org/mocha 120ms (cache revalidated)
npm http fetch GET 200 https://registry.npmjs.org/node-ipc 156ms (cache revalidated)
npm http fetch GET 200 https://registry.npmjs.org/uuid 42ms (cache revalidated)
npm http fetch GET 200 https://registry.npmjs.org/table 125ms (cache revalidated)
npm http fetch GET 200 https://registry.npmjs.org/update-notifier 86ms (cache revalidated)
npm http fetch GET 200 https://registry.npmjs.org/windows-release 89ms (cache revalidated)
npm http fetch GET 200 https://registry.npmjs.org/yargs 60ms (cache revalidated)
npm http fetch GET 200 https://registry.npmjs.org/decompress 62ms (cache revalidated)
npm http fetch GET 200 https://registry.npmjs.org/unzipper 56ms (cache revalidated)
npm http fetch GET 200 https://registry.npmjs.org/winston 162ms (cache revalidated)
npm http fetch GET 200 https://registry.npmjs.org/tmp 60ms (cache revalidated)
npm http fetch GET 200 https://registry.npmjs.org/arch 62ms (cache revalidated)
npm http fetch GET 200 https://registry.npmjs.org/dayjs 61ms (cache revalidated)
npm http fetch GET 200 https://registry.npmjs.org/cli-progress 686ms (cache revalidated)
npm http fetch GET 200 https://registry.npmjs.org/debug 52ms (cache revalidated)
npm http fetch GET 200 https://registry.npmjs.org/git-last-commit 644ms (cache revalidated)
npm http fetch GET 200 https://registry.npmjs.org/execa 63ms (cache revalidated)
npm http fetch GET 200 https://registry.npmjs.org/getmac 752ms (cache revalidated)
npm http fetch GET 200 https://registry.npmjs.org/getos 110ms (cache revalidated)
npm http fetch GET 200 https://registry.npmjs.org/yauzl 263ms (cache revalidated)
npm http fetch GET 200 https://registry.npmjs.org/is-ci 305ms (cache revalidated)
npm http fetch GET 200 https://registry.npmjs.org/buffer 312ms (cache revalidated)
npm http fetch GET 200 https://registry.npmjs.org/listr2 335ms (cache revalidated)
npm http fetch GET 200 https://registry.npmjs.org/requestretry 810ms (cache revalidated)
npm http fetch GET 200 https://registry.npmjs.org/lodash 402ms (cache revalidated)
npm http fetch GET 200 https://registry.npmjs.org/semver 251ms (cache revalidated)
npm http fetch GET 200 https://registry.npmjs.org/figures 225ms (cache revalidated)
npm http fetch GET 200 https://registry.npmjs.org/process 202ms (cache revalidated)
npm http fetch GET 200 https://registry.npmjs.org/bluebird 164ms (cache revalidated)
npm http fetch GET 200 https://registry.npmjs.org/cachedir 162ms (cache revalidated)
npm http fetch GET 200 https://registry.npmjs.org/commander 70ms (cache revalidated)
npm http fetch GET 200 https://registry.npmjs.org/untildify 78ms (cache revalidated)
npm http fetch GET 200 https://registry.npmjs.org/blob-util 117ms (cache revalidated)
npm http fetch GET 200 https://registry.npmjs.org/lazy-ass 132ms (cache revalidated)
npm http fetch GET 200 https://registry.npmjs.org/enquirer 186ms (cache revalidated)
npm http fetch GET 200 https://registry.npmjs.org/minimist 151ms (cache revalidated)
npm http fetch GET 200 https://registry.npmjs.org/common-tags 54ms (cache revalidated)
npm http fetch GET 200 https://registry.npmjs.org/cli-cursor 88ms (cache revalidated)
npm http fetch GET 200 https://registry.npmjs.org/cli-table3 77ms (cache revalidated)
npm http fetch GET 200 https://registry.npmjs.org/extract-zip 74ms (cache revalidated)
npm http fetch GET 200 https://registry.npmjs.org/log-symbols 62ms (cache revalidated)
npm http fetch GET 200 https://registry.npmjs.org/pretty-bytes 70ms (cache revalidated)
npm http fetch GET 200 https://registry.npmjs.org/proxy-from-env 51ms (cache revalidated)
npm http fetch GET 200 https://registry.npmjs.org/eventemitter2 68ms (cache revalidated)
npm http fetch GET 200 https://registry.npmjs.org/@types%2fsizzle 101ms (cache revalidated)
npm http fetch GET 200 https://registry.npmjs.org/supports-color 58ms (cache revalidated)
npm http fetch GET 200 https://registry.npmjs.org/check-more-types 48ms (cache revalidated)
npm http fetch GET 200 https://registry.npmjs.org/request-progress 58ms (cache revalidated)
npm http fetch GET 200 https://registry.npmjs.org/is-installed-globally 65ms (cache revalidated)
npm http fetch GET 200 https://registry.npmjs.org/@types%2fsinonjs__fake-timers 106ms (cache revalidated)
npm http fetch GET 200 https://registry.npmjs.org/mochawesome-merge 77ms (cache revalidated)
npm http fetch GET 200 https://registry.npmjs.org/@cypress%2fxvfb 282ms (cache revalidated)
npm http fetch GET 200 https://registry.npmjs.org/ospath 994ms (cache revalidated)
npm http fetch GET 200 https://registry.npmjs.org/@cypress%2frequest 370ms (cache revalidated)
npm http fetch GET 200 https://registry.npmjs.org/executable 625ms (cache revalidated)
npm http fetch GET 200 https://registry.npmjs.org/mochawesome 639ms (cache revalidated)
npm http fetch GET 200 https://registry.npmjs.org/mochawesome-report-generator 650ms (cache revalidated)
npm http fetch GET 200 https://registry.npmjs.org/readable-stream 70ms (cache revalidated)
npm http fetch GET 200 https://registry.npmjs.org/https-proxy-agent 84ms (cache revalidated)
npm http fetch GET 200 https://registry.npmjs.org/tar-stream 91ms (cache revalidated)
npm http fetch GET 200 https://registry.npmjs.org/buffer-crc32 97ms (cache revalidated)
npm http fetch GET 200 https://registry.npmjs.org/readdir-glob 101ms (cache revalidated)
npm http fetch GET 200 https://registry.npmjs.org/agent-base 71ms (cache revalidated)
npm http fetch GET 200 https://registry.npmjs.org/ansi-styles 81ms (cache revalidated)
npm http fetch GET 200 https://registry.npmjs.org/is-running 116ms (cache revalidated)
npm http fetch GET 200 https://registry.npmjs.org/ps-tree 105ms (cache revalidated)
npm http fetch GET 200 https://registry.npmjs.org/temp-fs 106ms (cache revalidated)
npm http fetch GET 200 https://registry.npmjs.org/string-width 63ms (cache revalidated)
npm http fetch GET 200 https://registry.npmjs.org/decompress-tarbz2 54ms (cache revalidated)
npm http fetch GET 200 https://registry.npmjs.org/decompress-tar 69ms (cache revalidated)
npm http fetch GET 200 https://registry.npmjs.org/decompress-targz 60ms (cache revalidated)
npm http fetch GET 200 https://registry.npmjs.org/decompress-unzip 64ms (cache revalidated)
npm http fetch GET 200 https://registry.npmjs.org/graceful-fs 49ms (cache revalidated)
npm http fetch GET 200 https://registry.npmjs.org/graceful-fs 42ms (cache revalidated)
npm http fetch GET 200 https://registry.npmjs.org/make-dir 66ms (cache revalidated)
npm http fetch GET 200 https://registry.npmjs.org/pify 68ms (cache revalidated)
npm http fetch GET 200 https://registry.npmjs.org/strip-dirs 79ms (cache revalidated)
npm http fetch GET 200 https://registry.npmjs.org/jsonfile 86ms (cache revalidated)
npm http fetch GET 200 https://registry.npmjs.org/universalify 83ms (cache revalidated)
npm http fetch GET 200 https://registry.npmjs.org/ini 76ms (cache revalidated)
npm http fetch GET 200 https://registry.npmjs.org/once 89ms (cache revalidated)
npm http fetch GET 200 https://registry.npmjs.org/@types%2fnode 190ms (cache revalidated)
npm http fetch GET 200 https://registry.npmjs.org/inflight 310ms (cache revalidated)
npm http fetch GET 200 https://registry.npmjs.org/inherits 290ms (cache revalidated)
npm http fetch GET 200 https://registry.npmjs.org/minimatch 292ms (cache revalidated)
npm http fetch GET 200 https://registry.npmjs.org/zip-stream 709ms (cache revalidated)
npm http fetch GET 200 https://registry.npmjs.org/fs.realpath 283ms (cache revalidated)
npm http fetch GET 200 https://registry.npmjs.org/archiver-utils 719ms (cache revalidated)
npm http fetch GET 200 https://registry.npmjs.org/path-is-absolute 71ms (cache revalidated)
npm http fetch GET 200 https://registry.npmjs.org/ansi-colors 87ms (cache revalidated)
npm http fetch GET 200 https://registry.npmjs.org/escape-string-regexp 72ms (cache revalidated)
npm http fetch GET 200 https://registry.npmjs.org/diff 87ms (cache revalidated)
npm http fetch GET 200 https://registry.npmjs.org/find-up 107ms (cache revalidated)
npm http fetch GET 200 https://registry.npmjs.org/browser-stdout 136ms (cache revalidated)
npm http fetch GET 200 https://registry.npmjs.org/chokidar 141ms (cache revalidated)
npm http fetch GET 200 https://registry.npmjs.org/he 137ms (cache revalidated)
npm http fetch GET 200 https://registry.npmjs.org/serialize-javascript 98ms (cache revalidated)
npm http fetch GET 200 https://registry.npmjs.org/js-yaml 126ms (cache revalidated)
npm http fetch GET 200 https://registry.npmjs.org/ms 118ms (cache revalidated)
npm http fetch GET 200 https://registry.npmjs.org/strip-json-comments 92ms (cache revalidated)
npm http fetch GET 200 https://registry.npmjs.org/yargs-parser 75ms (cache revalidated)
npm http fetch GET 200 https://registry.npmjs.org/workerpool 136ms (cache revalidated)
npm http fetch GET 200 https://registry.npmjs.org/yargs-unparser 91ms (cache revalidated)
npm http fetch GET 200 https://registry.npmjs.org/event-pubsub 75ms (cache revalidated)
npm http fetch GET 200 https://registry.npmjs.org/qs 76ms (cache revalidated)
npm http fetch GET 200 https://registry.npmjs.org/aws4 69ms (cache revalidated)
npm http fetch GET 200 https://registry.npmjs.org/js-message 102ms (cache revalidated)
npm http fetch GET 200 https://registry.npmjs.org/extend 92ms (cache revalidated)
npm http fetch GET 200 https://registry.npmjs.org/isstream 91ms (cache revalidated)
npm http fetch GET 200 https://registry.npmjs.org/form-data 77ms (cache revalidated)
npm http fetch GET 200 https://registry.npmjs.org/caseless 100ms (cache revalidated)
npm http fetch GET 200 https://registry.npmjs.org/mime-types 88ms (cache revalidated)
npm http fetch GET 200 https://registry.npmjs.org/aws-sign2 107ms (cache revalidated)
npm http fetch GET 200 https://registry.npmjs.org/forever-agent 60ms (cache revalidated)
npm http fetch GET 200 https://registry.npmjs.org/tunnel-agent 76ms (cache revalidated)
npm http fetch GET 200 https://registry.npmjs.org/tough-cookie 92ms (cache revalidated)
npm http fetch GET 200 https://registry.npmjs.org/oauth-sign 116ms (cache revalidated)
npm http fetch GET 200 https://registry.npmjs.org/har-validator 77ms (cache revalidated)
npm http fetch GET 200 https://registry.npmjs.org/safe-buffer 120ms (cache revalidated)
npm http fetch GET 200 https://registry.npmjs.org/is-typedarray 67ms (cache revalidated)
npm http fetch GET 200 https://registry.npmjs.org/http-signature 69ms (cache revalidated)
npm http fetch GET 200 https://registry.npmjs.org/performance-now 64ms (cache revalidated)
npm http fetch GET 200 https://registry.npmjs.org/json-stringify-safe 69ms (cache revalidated)
npm http fetch GET 200 https://registry.npmjs.org/combined-stream 91ms (cache revalidated)
npm http fetch GET 200 https://registry.npmjs.org/ajv 75ms (cache revalidated)
npm http fetch GET 200 https://registry.npmjs.org/slice-ansi 80ms (cache revalidated)
npm http fetch GET 200 https://registry.npmjs.org/duplexer2 78ms (cache revalidated)
npm http fetch GET 200 https://registry.npmjs.org/node-int64 74ms (cache revalidated)
npm http fetch GET 200 https://registry.npmjs.org/boxen 59ms (cache revalidated)
npm http fetch GET 200 https://registry.npmjs.org/pupa 87ms (cache revalidated)
npm http fetch GET 200 https://registry.npmjs.org/configstore 67ms (cache revalidated)
npm http fetch GET 200 https://registry.npmjs.org/xdg-basedir 68ms (cache revalidated)
npm http fetch GET 200 https://registry.npmjs.org/semver-diff 85ms (cache revalidated)
npm http fetch GET 200 https://registry.npmjs.org/import-lazy 124ms (cache revalidated)
npm http fetch GET 200 https://registry.npmjs.org/latest-version 80ms (cache revalidated)
npm http fetch GET 200 https://registry.npmjs.org/eyes 66ms (cache revalidated)
npm http fetch GET 200 https://registry.npmjs.org/colors 39ms (cache revalidated)
npm http fetch GET 200 https://registry.npmjs.org/cycle 72ms (cache revalidated)
npm http fetch GET 200 https://registry.npmjs.org/y18n 69ms (cache revalidated)
npm http fetch GET 200 https://registry.npmjs.org/cliui 73ms (cache revalidated)
npm http fetch GET 200 https://registry.npmjs.org/stack-trace 94ms (cache revalidated)
npm http fetch GET 200 https://registry.npmjs.org/decamelize 75ms (cache revalidated)
npm http fetch GET 200 https://registry.npmjs.org/js-queue 689ms (cache revalidated)
npm http fetch GET 200 https://registry.npmjs.org/require-directory 93ms (cache revalidated)
npm http fetch GET 200 https://registry.npmjs.org/set-blocking 114ms (cache revalidated)
npm http fetch GET 200 https://registry.npmjs.org/get-caller-file 104ms (cache revalidated)
npm http fetch GET 200 https://registry.npmjs.org/require-main-filename 93ms (cache revalidated)
npm http fetch GET 200 https://registry.npmjs.org/which-module 112ms (cache revalidated)
npm http fetch GET 200 https://registry.npmjs.org/is-npm 672ms (cache revalidated)
npm http fetch GET 200 https://registry.npmjs.org/is-in-ci 712ms (cache revalidated)
npm http fetch GET 200 https://registry.npmjs.org/lodash.isplainobject 83ms (cache revalidated)
npm http fetch GET 200 https://registry.npmjs.org/lodash.flatten 98ms (cache revalidated)
npm http fetch GET 200 https://registry.npmjs.org/lazystream 107ms (cache revalidated)
npm http fetch GET 200 https://registry.npmjs.org/lodash.defaults 130ms (cache revalidated)
npm http fetch GET 200 https://registry.npmjs.org/normalize-path 127ms (cache revalidated)
npm http fetch GET 200 https://registry.npmjs.org/lodash.difference 195ms (cache revalidated)
npm http fetch GET 200 https://registry.npmjs.org/lodash.union 208ms (cache revalidated)
npm http fetch GET 200 https://registry.npmjs.org/bl 156ms (cache revalidated)
npm http fetch GET 200 https://registry.npmjs.org/string_decoder 186ms (cache revalidated)
npm http fetch GET 200 https://registry.npmjs.org/end-of-stream 146ms (cache revalidated)
npm http fetch GET 200 https://registry.npmjs.org/util-deprecate 176ms (cache revalidated)
npm http fetch GET 200 https://registry.npmjs.org/fs-constants 156ms (cache revalidated)
npm http fetch GET 200 https://registry.npmjs.org/compress-commons 93ms (cache revalidated)
npm http fetch GET 200 https://registry.npmjs.org/isarray 53ms (cache revalidated)
npm http fetch GET 200 https://registry.npmjs.org/process-nextick-args 64ms (cache revalidated)
npm http fetch GET 200 https://registry.npmjs.org/core-util-is 100ms (cache revalidated)
npm http fetch GET 200 https://registry.npmjs.org/rimraf 64ms (cache revalidated)
npm http fetch GET 200 https://registry.npmjs.org/event-stream 648ms (cache revalidated)
npm http fetch GET 200 https://registry.npmjs.org/has-flag 51ms (cache revalidated)
npm http fetch GET 200 https://registry.npmjs.org/color-convert 55ms (cache revalidated)
npm http fetch GET 200 https://registry.npmjs.org/color-name 74ms (cache revalidated)
npm http fetch GET 200 https://registry.npmjs.org/strip-ansi 66ms (cache revalidated)
npm http fetch GET 200 https://registry.npmjs.org/is-fullwidth-code-point 70ms (cache revalidated)
npm http fetch GET 200 https://registry.npmjs.org/emoji-regex 88ms (cache revalidated)
npm http fetch GET 200 https://registry.npmjs.org/lodash.once 64ms (cache revalidated)
npm http fetch GET 200 https://registry.npmjs.org/ieee754 63ms (cache revalidated)
npm http fetch GET 200 https://registry.npmjs.org/base64-js 68ms (cache revalidated)
npm http fetch GET 200 https://registry.npmjs.org/restore-cursor 67ms (cache revalidated)
npm http fetch GET 200 https://registry.npmjs.org/onetime 72ms (cache revalidated)
npm http fetch GET 200 https://registry.npmjs.org/is-stream 74ms (cache revalidated)
npm http fetch GET 200 https://registry.npmjs.org/cross-spawn 55ms (cache revalidated)
npm http fetch GET 200 https://registry.npmjs.org/signal-exit 54ms (cache revalidated)
npm http fetch GET 200 https://registry.npmjs.org/get-stream 68ms (cache revalidated)
npm http fetch GET 200 https://registry.npmjs.org/human-signals 53ms (cache revalidated)
npm http fetch GET 200 https://registry.npmjs.org/merge-stream 68ms (cache revalidated)
npm http fetch GET 200 https://registry.npmjs.org/npm-run-path 62ms (cache revalidated)
npm http fetch GET 200 https://registry.npmjs.org/get-stream 23ms (cache hit)
npm http fetch GET 200 https://registry.npmjs.org/strip-final-newline 58ms (cache revalidated)
npm http fetch GET 200 https://registry.npmjs.org/at-least-node 49ms (cache revalidated)
npm http fetch GET 200 https://registry.npmjs.org/global-dirs 47ms (cache revalidated)
npm http fetch GET 200 https://registry.npmjs.org/is-path-inside 53ms (cache revalidated)
npm http fetch GET 200 https://registry.npmjs.org/ci-info 63ms (cache revalidated)
npm http fetch GET 200 https://registry.npmjs.org/p-map 53ms (cache revalidated)
npm http fetch GET 200 https://registry.npmjs.org/rfdc 78ms (cache revalidated)
npm http fetch GET 200 https://registry.npmjs.org/through 60ms (cache revalidated)
npm http fetch GET 200 https://registry.npmjs.org/rxjs 81ms (cache revalidated)
npm http fetch GET 200 https://registry.npmjs.org/colorette 77ms (cache revalidated)
npm http fetch GET 200 https://registry.npmjs.org/wrap-ansi 68ms (cache revalidated)
npm http fetch GET 200 https://registry.npmjs.org/is-unicode-supported 55ms (cache revalidated)
npm http fetch GET 200 https://registry.npmjs.org/cli-truncate 81ms (cache revalidated)
npm http fetch GET 200 https://registry.npmjs.org/log-update 92ms (cache revalidated)
npm http fetch GET 200 https://registry.npmjs.org/throttleit 71ms (cache revalidated)
npm http fetch GET 200 https://registry.npmjs.org/fd-slicer 54ms (cache revalidated)
npm http fetch GET 200 https://registry.npmjs.org/@colors%2fcolors 425ms (cache revalidated)
npm http fetch GET 200 https://registry.npmjs.org/@types%2fyauzl 692ms (cache revalidated)
npm http fetch GET 200 https://registry.npmjs.org/asynckit 62ms (cache revalidated)
npm http fetch GET 200 https://registry.npmjs.org/assert-plus 68ms (cache revalidated)
npm http fetch GET 200 https://registry.npmjs.org/jsprim 70ms (cache revalidated)
npm http fetch GET 200 https://registry.npmjs.org/mime-db 74ms (cache revalidated)
npm http fetch GET 200 https://registry.npmjs.org/side-channel 72ms (cache revalidated)
npm http fetch GET 200 https://registry.npmjs.org/delayed-stream 94ms (cache revalidated)
npm http fetch GET 200 https://registry.npmjs.org/sshpk 89ms (cache revalidated)
npm http fetch GET 200 https://registry.npmjs.org/psl 57ms (cache revalidated)
npm http fetch GET 200 https://registry.npmjs.org/url-parse 52ms (cache revalidated)
npm http fetch GET 200 https://registry.npmjs.org/punycode 59ms (cache revalidated)
npm http fetch GET 200 https://registry.npmjs.org/escape-html 80ms (cache revalidated)
npm http fetch GET 200 https://registry.npmjs.org/dateformat 89ms (cache revalidated)
npm http fetch GET 200 https://registry.npmjs.org/lodash.isempty 103ms (cache revalidated)
npm http fetch GET 200 https://registry.npmjs.org/lodash.isobject 106ms (cache revalidated)
npm http fetch GET 200 https://registry.npmjs.org/lodash.isfunction 111ms (cache revalidated)
npm http fetch GET 200 https://registry.npmjs.org/lodash.isstring 112ms (cache revalidated)
npm http fetch GET 200 https://registry.npmjs.org/prop-types 47ms (cache revalidated)
npm http fetch GET 200 https://registry.npmjs.org/validator 49ms (cache revalidated)
npm http fetch GET 200 https://registry.npmjs.org/tcomb 64ms (cache revalidated)
npm http fetch GET 200 https://registry.npmjs.org/tcomb-validation 65ms (cache revalidated)
npm http fetch GET 200 https://registry.npmjs.org/opener 113ms (cache revalidated)
npm http fetch GET 200 https://registry.npmjs.org/fsu 728ms (cache revalidated)
npm http fetch GET 200 https://registry.npmjs.org/seek-bzip 66ms (cache revalidated)
npm http fetch GET 200 https://registry.npmjs.org/file-type 84ms (cache revalidated)
npm http fetch GET 200 https://registry.npmjs.org/file-type 112ms (cache revalidated)
npm http fetch GET 200 https://registry.npmjs.org/file-type 125ms (cache revalidated)
npm http fetch GET 200 https://registry.npmjs.org/unbzip2-stream 131ms (cache revalidated)
npm http fetch GET 200 https://registry.npmjs.org/is-natural-number 129ms (cache revalidated)
npm http fetch GET 200 https://registry.npmjs.org/to-buffer 53ms (cache revalidated)
npm http fetch GET 200 https://registry.npmjs.org/xtend 72ms (cache revalidated)
npm http fetch GET 200 https://registry.npmjs.org/buffer-alloc 93ms (cache revalidated)
npm http fetch GET 200 https://registry.npmjs.org/object-assign 47ms (cache revalidated)
npm http fetch GET 200 https://registry.npmjs.org/pinkie-promise 47ms (cache revalidated)
npm http fetch GET 200 https://registry.npmjs.org/ansi-regex 52ms (cache revalidated)
npm http fetch GET 200 https://registry.npmjs.org/mimic-fn 58ms (cache revalidated)
npm http fetch GET 200 https://registry.npmjs.org/shebang-command 70ms (cache revalidated)
npm http fetch GET 200 https://registry.npmjs.org/which 71ms (cache revalidated)
npm http fetch GET 200 https://registry.npmjs.org/path-key 69ms (cache revalidated)
npm http fetch GET 200 https://registry.npmjs.org/path-key 79ms (cache revalidated)
npm http fetch GET 200 https://registry.npmjs.org/pump 77ms (cache updated)
npm http fetch GET 200 https://registry.npmjs.org/shebang-regex 53ms (cache revalidated)
npm http fetch GET 200 https://registry.npmjs.org/isexe 56ms (cache revalidated)
npm http fetch GET 200 https://registry.npmjs.org/undici-types 70ms (cache revalidated)
npm http fetch GET 200 https://registry.npmjs.org/pinkie 88ms (cache revalidated)
npm http fetch GET 200 https://registry.npmjs.org/brace-expansion 44ms (cache revalidated)
npm http fetch GET 200 https://registry.npmjs.org/wrappy 52ms (cache revalidated)
npm http fetch GET 200 https://registry.npmjs.org/verror 57ms (cache revalidated)
npm http fetch GET 200 https://registry.npmjs.org/safer-buffer 59ms (cache revalidated)
npm http fetch GET 200 https://registry.npmjs.org/dashdash 63ms (cache revalidated)
npm http fetch GET 200 https://registry.npmjs.org/getpass 74ms (cache revalidated)
npm http fetch GET 200 https://registry.npmjs.org/json-schema 86ms (cache revalidated)
npm http fetch GET 200 https://registry.npmjs.org/asn1 86ms (cache revalidated)
npm http fetch GET 200 https://registry.npmjs.org/extsprintf 91ms (cache revalidated)
npm http fetch GET 200 https://registry.npmjs.org/jsbn 93ms (cache revalidated)
npm http fetch GET 200 https://registry.npmjs.org/ecc-jsbn 87ms (cache revalidated)
npm http fetch GET 200 https://registry.npmjs.org/tweetnacl 93ms (cache revalidated)
npm http fetch GET 200 https://registry.npmjs.org/bcrypt-pbkdf 78ms (cache revalidated)
npm http fetch GET 200 https://registry.npmjs.org/tslib 46ms (cache revalidated)
npm http fetch GET 200 https://registry.npmjs.org/aggregate-error 69ms (cache revalidated)
npm http fetch GET 200 https://registry.npmjs.org/ansi-escapes 76ms (cache revalidated)
npm http fetch GET 200 https://registry.npmjs.org/astral-regex 57ms (cache revalidated)
npm http fetch GET 200 https://registry.npmjs.org/type-fest 48ms (cache revalidated)
npm http fetch GET 200 https://registry.npmjs.org/concat-map 42ms (cache revalidated)
npm http fetch GET 200 https://registry.npmjs.org/balanced-match 45ms (cache revalidated)
npm http fetch GET 200 https://registry.npmjs.org/is-binary-path 59ms (cache revalidated)
npm http fetch GET 200 https://registry.npmjs.org/glob-parent 99ms (cache revalidated)
npm http fetch GET 200 https://registry.npmjs.org/braces 104ms (cache revalidated)
npm http fetch GET 200 https://registry.npmjs.org/anymatch 110ms (cache revalidated)
npm http fetch GET 200 https://registry.npmjs.org/readdirp 108ms (cache revalidated)
npm http fetch GET 200 https://registry.npmjs.org/is-glob 114ms (cache revalidated)
npm http fetch GET 200 https://registry.npmjs.org/fsevents 117ms (cache revalidated)
npm http fetch GET 200 https://registry.npmjs.org/locate-path 68ms (cache revalidated)
npm http fetch GET 200 https://registry.npmjs.org/argparse 67ms (cache revalidated)
npm http fetch GET 200 https://registry.npmjs.org/path-exists 75ms (cache revalidated)
npm http fetch GET 200 https://registry.npmjs.org/randombytes 68ms (cache revalidated)
npm http fetch GET 200 https://registry.npmjs.org/camelcase 62ms (cache revalidated)
npm http fetch GET 200 https://registry.npmjs.org/flat 63ms (cache revalidated)
npm http fetch GET 200 https://registry.npmjs.org/escalade 76ms (cache revalidated)
npm http fetch GET 200 https://registry.npmjs.org/is-plain-obj 62ms (cache revalidated)
npm http fetch GET 200 https://registry.npmjs.org/picomatch 43ms (cache revalidated)
npm http fetch GET 200 https://registry.npmjs.org/picomatch 53ms (cache revalidated)
npm http fetch GET 200 https://registry.npmjs.org/is-extglob 53ms (cache revalidated)
npm http fetch GET 200 https://registry.npmjs.org/fill-range 61ms (cache revalidated)
npm http fetch GET 200 https://registry.npmjs.org/binary-extensions 68ms (cache revalidated)
npm http fetch GET 200 https://registry.npmjs.org/to-regex-range 51ms (cache revalidated)
npm http fetch GET 200 https://registry.npmjs.org/is-number 51ms (cache revalidated)
npm http fetch GET 200 https://registry.npmjs.org/p-locate 50ms (cache revalidated)
npm http fetch GET 200 https://registry.npmjs.org/p-limit 78ms (cache revalidated)
npm http fetch GET 200 https://registry.npmjs.org/loose-envify 535ms (cache revalidated)
npm http fetch GET 200 https://registry.npmjs.org/react-is 648ms (cache updated)
npm http fetch GET 200 https://registry.npmjs.org/easy-stack 48ms (cache revalidated)
npm http fetch GET 200 https://registry.npmjs.org/yocto-queue 105ms (cache revalidated)
npm http fetch GET 200 https://registry.npmjs.org/clean-stack 57ms (cache revalidated)
npm http fetch GET 200 https://registry.npmjs.org/indent-string 108ms (cache revalidated)
npm http fetch GET 200 https://registry.npmjs.org/js-tokens 38ms (cache revalidated)
npm http fetch GET 200 https://registry.npmjs.org/duplexer 64ms (cache revalidated)
npm http fetch GET 200 https://registry.npmjs.org/from 88ms (cache revalidated)
npm http fetch GET 200 https://registry.npmjs.org/pause-stream 88ms (cache revalidated)
npm http fetch GET 200 https://registry.npmjs.org/stream-combiner 90ms (cache revalidated)
npm http fetch GET 200 https://registry.npmjs.org/split 93ms (cache revalidated)
npm http fetch GET 200 https://registry.npmjs.org/map-stream 117ms (cache revalidated)
npm http fetch GET 200 https://registry.npmjs.org/call-bind 64ms (cache revalidated)
npm http fetch GET 200 https://registry.npmjs.org/get-intrinsic 66ms (cache revalidated)
npm http fetch GET 200 https://registry.npmjs.org/es-errors 72ms (cache revalidated)
npm http fetch GET 200 https://registry.npmjs.org/object-inspect 71ms (cache revalidated)
npm http fetch GET 200 https://registry.npmjs.org/har-schema 58ms (cache revalidated)
npm http fetch GET 200 https://registry.npmjs.org/json-schema-traverse 74ms (cache revalidated)
npm http fetch GET 200 https://registry.npmjs.org/fast-deep-equal 79ms (cache revalidated)
npm http fetch GET 200 https://registry.npmjs.org/fast-json-stable-stringify 80ms (cache revalidated)
npm http fetch GET 200 https://registry.npmjs.org/uri-js 85ms (cache revalidated)
npm http fetch GET 200 https://registry.npmjs.org/hasown 84ms (cache revalidated)
npm http fetch GET 200 https://registry.npmjs.org/has-proto 89ms (cache revalidated)
npm http fetch GET 200 https://registry.npmjs.org/es-define-property 94ms (cache revalidated)
npm http fetch GET 200 https://registry.npmjs.org/has-symbols 92ms (cache revalidated)
npm http fetch GET 200 https://registry.npmjs.org/function-bind 97ms (cache revalidated)
npm http fetch GET 200 https://registry.npmjs.org/set-function-length 98ms (cache revalidated)
npm http fetch GET 200 https://registry.npmjs.org/gopd 45ms (cache revalidated)
npm http fetch GET 200 https://registry.npmjs.org/define-data-property 53ms (cache revalidated)
npm http fetch GET 200 https://registry.npmjs.org/has-property-descriptors 54ms (cache revalidated)
npm http fetch GET 200 https://registry.npmjs.org/requires-port 55ms (cache revalidated)
npm http fetch GET 200 https://registry.npmjs.org/querystringify 61ms (cache revalidated)
npm http fetch GET 200 https://registry.npmjs.org/widest-line 80ms (cache revalidated)
npm http fetch GET 200 https://registry.npmjs.org/cli-boxes 90ms (cache revalidated)
npm http fetch GET 200 https://registry.npmjs.org/unique-string 79ms (cache revalidated)
npm http fetch GET 200 https://registry.npmjs.org/ansi-align 91ms (cache revalidated)
npm http fetch GET 200 https://registry.npmjs.org/package-json 81ms (cache revalidated)
npm http fetch GET 200 https://registry.npmjs.org/dot-prop 94ms (cache revalidated)
npm http fetch GET 200 https://registry.npmjs.org/write-file-atomic 90ms (cache revalidated)
npm http fetch GET 200 https://registry.npmjs.org/escape-goat 75ms (cache revalidated)
npm http fetch GET 200 https://registry.npmjs.org/eastasianwidth 42ms (cache revalidated)
npm http fetch GET 200 https://registry.npmjs.org/is-obj 71ms (cache revalidated)
npm http fetch GET 200 https://registry.npmjs.org/imurmurhash 70ms (cache revalidated)
npm http fetch GET 200 https://registry.npmjs.org/typedarray-to-buffer 79ms (cache revalidated)
npm http fetch GET 200 https://registry.npmjs.org/crypto-random-string 89ms (cache revalidated)
npm http fetch GET 200 https://registry.npmjs.org/registry-url 49ms (cache revalidated)
npm http fetch GET 200 https://registry.npmjs.org/got 59ms (cache revalidated)
npm http fetch GET 200 https://registry.npmjs.org/registry-auth-token 71ms (cache revalidated)
npm http fetch GET 200 https://registry.npmjs.org/responselike 62ms (cache revalidated)
npm http fetch GET 200 https://registry.npmjs.org/lowercase-keys 62ms (cache revalidated)
npm http fetch GET 200 https://registry.npmjs.org/p-cancelable 68ms (cache revalidated)
npm http fetch GET 200 https://registry.npmjs.org/cacheable-request 70ms (cache revalidated)
npm http fetch GET 200 https://registry.npmjs.org/cacheable-lookup 79ms (cache revalidated)
npm http fetch GET 200 https://registry.npmjs.org/http2-wrapper 96ms (cache revalidated)
npm http fetch GET 200 https://registry.npmjs.org/@sindresorhus%2fis 100ms (cache revalidated)
npm http fetch GET 200 https://registry.npmjs.org/decompress-response 61ms (cache revalidated)
npm http fetch GET 200 https://registry.npmjs.org/form-data-encoder 67ms (cache revalidated)
npm http fetch GET 200 https://registry.npmjs.org/rc 73ms (cache revalidated)
npm http fetch GET 200 https://registry.npmjs.org/@szmarczak%2fhttp-timer 118ms (cache revalidated)
npm http fetch GET 200 https://registry.npmjs.org/@pnpm%2fnpm-conf 286ms (cache revalidated)
npm http fetch GET 200 https://registry.npmjs.org/http-cache-semantics 56ms (cache revalidated)
npm http fetch GET 200 https://registry.npmjs.org/mimic-response 63ms (cache revalidated)
npm http fetch GET 200 https://registry.npmjs.org/mimic-response 69ms (cache revalidated)
npm http fetch GET 200 https://registry.npmjs.org/defer-to-connect 79ms (cache revalidated)
npm http fetch GET 200 https://registry.npmjs.org/keyv 81ms (cache revalidated)
npm http fetch GET 200 https://registry.npmjs.org/normalize-url 84ms (cache revalidated)
npm http fetch GET 200 https://registry.npmjs.org/@types%2fhttp-cache-semantics 96ms (cache revalidated)
npm http fetch GET 200 https://registry.npmjs.org/quick-lru 97ms (cache revalidated)
npm http fetch GET 200 https://registry.npmjs.org/resolve-alpn 97ms (cache revalidated)
npm http fetch GET 200 https://registry.npmjs.org/json-buffer 43ms (cache revalidated)
npm http fetch GET 200 https://registry.npmjs.org/config-chain 47ms (cache revalidated)
npm http fetch GET 200 https://registry.npmjs.org/@pnpm%2fconfig.env-replace 393ms (cache revalidated)
npm http fetch GET 200 https://registry.npmjs.org/@pnpm%2fnetwork.ca-file 1584ms (cache revalidated)
npm http fetch GET 200 https://registry.npmjs.org/proto-list 55ms (cache revalidated)
npm http fetch GET 200 https://registry.npmjs.org/deep-extend 80ms (cache revalidated)
npm http fetch GET 200 https://registry.npmjs.org/pend 41ms (cache revalidated)
npm http fetch GET 200 https://registry.npmjs.org/crc32-stream 69ms (cache revalidated)
npm http fetch GET 200 https://registry.npmjs.org/crc-32 78ms (cache revalidated)
npm http fetch GET 200 https://registry.npmjs.org/buffer-alloc-unsafe 58ms (cache revalidated)
npm http fetch GET 200 https://registry.npmjs.org/buffer-fill 74ms (cache revalidated)
npm http fetch GET 200 https://registry.npmjs.org/p-try 49ms (cache revalidated)
npm verb reify failed optional dependency D:\Projeto\trabalho-final-pos-graduacao-disciplina-teste-de-automacao-teste-web\tmpBstackPackages\node_modules\fsevents
npm http fetch POST 200 https://registry.npmjs.org/-/npm/v1/security/advisories/bulk 743ms
npm http fetch GET 200 https://registry.npmjs.org/pump/-/pump-3.0.1.tgz 2590ms (cache miss)
npm WARN deprecated inflight@1.0.6: This module is not supported, and leaks memory. Do not use it. Check out lru-cache if you want a good and tested way to coalesce async requests by a key value, which is much more comprehensive and powerful.
npm WARN deprecated rimraf@2.5.4: Rimraf versions prior to v4 are no longer supported
npm WARN deprecated har-validator@5.1.5: this library is no longer supported
npm WARN deprecated glob@7.2.3: Glob versions prior to v9 are no longer supported
npm WARN deprecated glob@8.1.0: Glob versions prior to v9 are no longer supported
npm WARN deprecated uuid@3.4.0: Please upgrade  to version 7 or higher.  Older versions may use Math.random() in certain circumstances, which is known to be problematic.  See https://v8.dev/blog/math-random for details.
npm WARN deprecated request@2.88.2: request has been deprecated, see https://github.com/request/request/issues/3142
npm info run cypress@13.14.2 postinstall node_modules/cypress node index.js --exec install
npm info run cypress@13.14.2 postinstall { code: 0, signal: null }

added 510 packages, and audited 511 packages in 37s

96 packages are looking for funding
  run `npm fund` for details

3 moderate severity vulnerabilities

To address all issues (including breaking changes), run:
  npm audit fix --force

Run `npm audit` for details.
npm verb exit 0
npm info ok 
